<?xml version="1.0" encoding="UTF-8"?><testrun duration="0" footerText="Generated by PyCharm on 3/4/21, 6:35 PM" name="pytest in test_hello_world.py">
    <count name="total" value="2"/>
    <count name="failed" value="1"/>
    <count name="passed" value="1"/>
    <config nameIsGenerated="true" configId="tests" name="pytest in test_hello_world.py">
        <module name="2021_python_selenium"/>
        <option name="INTERPRETER_OPTIONS" value=""/>
        <option name="PARENT_ENVS" value="true"/>
        <option name="SDK_HOME" value="/usr/local/bin/python3.9"/>
        <option name="WORKING_DIRECTORY" value=""/>
        <option name="IS_MODULE_SDK" value="false"/>
        <option name="ADD_CONTENT_ROOTS" value="true"/>
        <option name="ADD_SOURCE_ROOTS" value="true"/>
        <option name="_new_keywords" value="&quot;&quot;"/>
        <option name="_new_parameters" value="&quot;&quot;"/>
        <option name="_new_additionalArguments" value="&quot;&quot;"/>
        <option name="_new_target" value="&quot;/Users/josegutierrez/2021_python_selenium/Module_05/test_hello_world.py&quot;"/>
        <option name="_new_targetType" value="&quot;PATH&quot;"/>
    </config>
    <suite duration="0" locationUrl="python&lt;/Users/josegutierrez/2021_python_selenium/Module_05&gt;://test_hello_world" name="test_hello_world" status="failed">
        <test duration="0" locationUrl="python&lt;/Users/josegutierrez/2021_python_selenium/Module_05&gt;://test_hello_world.test_one" name="test_one" metainfo="test_one" status="failed">
            <output type="stdout">FAILED                                     [ 50%]test case one
</output>
            <output type="stderr">AssertionError: A should be equal to B
5 != 3
</output>
            <output type="stdout">Expected :
</output>
            <output type="stderr">3
</output>
            <output type="stdout">Actual   :
</output>
            <diff actual="5" expected="3"/>
            <output type="stderr">5
def test_one():
        &amp;quot;&amp;quot;&amp;quot;Test Case Demo One&amp;quot;&amp;quot;&amp;quot;
        print(&amp;quot;test case one&amp;quot;)
        a = 5
        b = 3
&amp;gt;       assert a == b, &amp;quot;A should be equal to B&amp;quot;
E       AssertionError: A should be equal to B
E       assert 5 == 3
test_hello_world.py:6: AssertionError
</output>
        </test>
        <test duration="0" locationUrl="python&lt;/Users/josegutierrez/2021_python_selenium/Module_05&gt;://test_hello_world.test_two" name="test_two" metainfo="test_two" status="passed">
            <output type="stdout">PASSED                                     [100%]test case two
</output>
        </test>
    </suite>
</testrun>
